[debug] [2018-08-07T16:45:27.653Z] ----------------------------------------------------------------------
[debug] [2018-08-07T16:45:27.661Z] Command:       /home/kingkoded/.nvm/versions/node/v10.6.0/bin/node /home/kingkoded/.nvm/versions/node/v10.6.0/bin/firebase deploy
[debug] [2018-08-07T16:45:27.662Z] CLI Version:   3.19.3
[debug] [2018-08-07T16:45:27.662Z] Platform:      linux
[debug] [2018-08-07T16:45:27.662Z] Node Version:  v10.6.0
[debug] [2018-08-07T16:45:27.710Z] Time:          Tue Aug 07 2018 17:45:27 GMT+0100 (West Africa Standard Time)
[debug] [2018-08-07T16:45:27.710Z] ----------------------------------------------------------------------
[debug] 
[debug] [2018-08-07T16:45:27.859Z] > command requires scopes: ["email","openid","https://www.googleapis.com/auth/cloudplatformprojects.readonly","https://www.googleapis.com/auth/firebase","https://www.googleapis.com/auth/cloud-platform"]
[debug] [2018-08-07T16:45:27.860Z] > authorizing via signed-in user
[debug] [2018-08-07T16:45:27.871Z] > refreshing access token with scopes: ["email","https://www.googleapis.com/auth/cloud-platform","https://www.googleapis.com/auth/cloudplatformprojects.readonly","https://www.googleapis.com/auth/firebase","openid"]
[debug] [2018-08-07T16:45:27.872Z] >>> HTTP REQUEST POST https://www.googleapis.com/oauth2/v3/token  
 { refresh_token:
   '1/CyZoe-aysoKpM-puswd4zFoqcDfRSrbNiONLXv30BaqO5nyZoPbJKspvUzTr53JF',
  client_id:
   '563584335869-fgrhgmd47bqnekij5i8b5pr03ho849e6.apps.googleusercontent.com',
  client_secret: 'j9iVZfS8kkCEFUPaAeJV0sAi',
  grant_type: 'refresh_token',
  scope:
   'email https://www.googleapis.com/auth/cloud-platform https://www.googleapis.com/auth/cloudplatformprojects.readonly https://www.googleapis.com/auth/firebase openid' } 
 Tue Aug 07 2018 17:45:27 GMT+0100 (West Africa Standard Time)
[debug] [2018-08-07T16:45:33.166Z] <<< HTTP RESPONSE 200
[debug] [2018-08-07T16:45:33.207Z] >>> HTTP REQUEST GET https://admin.firebase.com/v1/projects/pxlart-designs  
  
 Tue Aug 07 2018 17:45:33 GMT+0100 (West Africa Standard Time)
[debug] [2018-08-07T16:45:34.977Z] <<< HTTP RESPONSE 200
[debug] [2018-08-07T16:45:34.980Z] >>> HTTP REQUEST GET https://admin.firebase.com/v1/database/pxlart-designs/tokens  
  
 Tue Aug 07 2018 17:45:34 GMT+0100 (West Africa Standard Time)
[debug] [2018-08-07T16:45:36.094Z] <<< HTTP RESPONSE 200
[info] 
[info] === Deploying to 'pxlart-designs'...
[info] 
[info] i  deploying hosting
[info] i  hosting: preparing public directory for upload...
[debug] [2018-08-07T16:45:48.876Z] >>> HTTP REQUEST PUT https://deploy.firebase.com/v1/hosting/pxlart-designs/uploads/-LJKGtL6-mXWOlj0D4zi?fileCount=503&message=  
  
 Tue Aug 07 2018 17:45:48 GMT+0100 (West Africa Standard Time)
